<?xml version="1.0" encoding="UTF-8"?>
<xlsx-modifications xmlns="http://www.xtpxlib.nl/ns/ms-office">
  <worksheet name="Metadata">
    <row index="5">
      <column index="1">
        <string>9789027281531.pdf</string>
      </column>
    </row>
  </worksheet>
</xlsx-modifications>
