<?xml version="1.0" encoding="UTF-8"?>
<?xml-model href="http://docbook.org/xml/5.0/rng/docbook.rng" schematypens="http://relaxng.org/ns/structure/1.0"?>
<?xml-model href="http://docbook.org/xml/5.0/rng/docbook.rng" type="application/xml" schematypens="http://purl.oclc.org/dsdl/schematron"?>
<book xmlns="http://docbook.org/ns/docbook" xmlns:xlink="http://www.w3.org/1999/xlink" xmlns:xi="http://www.w3.org/2001/XInclude"
  xmlns:xtlxdb="http://www.xtpxlib.nl/ns/xdocbook" version="5.0">

  <info>
    <title>XProc</title>
    <subtitle>Scrapbook</subtitle>
    <pubdate>2017</pubdate>
    <author>
      <personname>Erik&#160;Siegel</personname>
    </author>
    <orgname>Xatapult</orgname>
  </info>

  <!-- - - - - - - - - - - - - - - - - - - - - - - - - - - - - - - - - - -->

  <chapter xml:id="test-chapter-descriptions-db5.mod">
    <title>Testing</title>

    <sect1>
      <title>Element descriptions:</title>

      <variablelist>
        <varlistentry>
          <term>First</term>
          <listitem>
            <xtlxdb:insert-element-description href="element-description-1.xml"/>
          </listitem>
        </varlistentry>
      </variablelist>
    </sect1>


  </chapter>

</book>
