<?xml version="1.0" encoding="UTF-8"?>
<xwebgen-specification xmlns:xsi="http://www.w3.org/2001/XMLSchema-instance"
  xsi:schemaLocation="http://www.xtpxlib.nl/ns/xwebgen ../xsd/xwebgen-specification.xsd" xmlns="http://www.xtpxlib.nl/ns/xwebgen"
  xmlns:xtlwg="http://www.xtpxlib.nl/ns/xwebgen" dref-base-output-dir="../../../xtpxlib-tmp/XWEBGEN-OUT">

  <!--  <template id="t1" dref-source="templates/xatapult-main-page-template.xml" />-->
  <template id="t1" dref-source="data/template1.xml"/>

  <page template-idref="t1" dref-section-document="data/sections.xml" dref-target="index.html"/>

  <copy-dir dref-source-dir="images"/>
  <copy-dir dref-source-dir="css"/>
  <copy-dir dref-source-dir="js"/>

  <properties>
    <property id="phonenumber" xtlwg:lang="nl">06&#160;-&#160;53.26.07.92</property>
    <property id="phonenumber" xtlwg:lang="en">+31&#160;-&#160;6&#160;-&#160;53.26.07.92</property>
    <property id="email" xtlwg:lang="nl">info@xatapult.nl</property>
    <property id="email" xtlwg:lang="en">info@xatapult.com</property>
  </properties>

</xwebgen-specification>
